<?xml version="1.0" encoding="UTF-8"?>
<testng-results skipped="0" failed="0" total="1" passed="1">
  <reporter-output>
  </reporter-output>
  <suite name="Suite" duration-ms="52" started-at="2019-08-03T17:10:36Z" finished-at="2019-08-03T17:10:36Z">
    <groups>
    </groups>
    <test name="Test" duration-ms="52" started-at="2019-08-03T17:10:36Z" finished-at="2019-08-03T17:10:36Z">
      <class name="pkg1.Class1">
        <test-method status="PASS" signature="tc1()[pri:0, instance:pkg1.Class1@6adca536]" name="tc1" duration-ms="27" started-at="2019-08-03T10:10:36Z" finished-at="2019-08-03T10:10:36Z">
          <reporter-output>
          </reporter-output>
        </test-method> <!-- tc1 -->
      </class> <!-- pkg1.Class1 -->
    </test> <!-- Test -->
  </suite> <!-- Suite -->
</testng-results>
